<?xml version="1.0" encoding="UTF-8"?>
<!-- Generated by org.testng.reporters.JUnitReportReporter -->
<testsuite hostname="Jigars-MBP" failures="0" tests="1" name="com.qa.app.tests.LoginTest" time="22.486" errors="0" timestamp="24 Feb 2019 17:29:55 GMT" skipped="0">
  <testcase classname="com.qa.app.tests.LoginTest" name="LoginTestScenario" time="22.486"/>
</testsuite> <!-- com.qa.app.tests.LoginTest -->
